<?xml version="1.0" encoding="UTF-8"?>
<testng-results skipped="0" failed="0" ignored="0" total="1" passed="1">
  <reporter-output>
  </reporter-output>
  <suite name="Default suite" duration-ms="10917" started-at="2018-12-27T10:59:16Z" finished-at="2018-12-27T10:59:27Z">
    <groups>
    </groups>
    <test name="Default test" duration-ms="10917" started-at="2018-12-27T10:59:16Z" finished-at="2018-12-27T10:59:27Z">
      <class name="Nextgeneration.Way2sms">
        <test-method status="PASS" signature="launch()[pri:0, instance:Nextgeneration.Way2sms@724af044]" name="launch" is-config="true" duration-ms="6358" started-at="2018-12-27T10:59:16Z" finished-at="2018-12-27T10:59:22Z">
          <reporter-output>
          </reporter-output>
        </test-method> <!-- launch -->
        <test-method status="PASS" signature="login()[pri:0, instance:Nextgeneration.Way2sms@724af044]" name="login" duration-ms="4003" started-at="2018-12-27T10:59:22Z" finished-at="2018-12-27T10:59:26Z">
          <reporter-output>
          </reporter-output>
        </test-method> <!-- login -->
        <test-method status="PASS" signature="logout()[pri:0, instance:Nextgeneration.Way2sms@724af044]" name="logout" is-config="true" duration-ms="518" started-at="2018-12-27T10:59:26Z" finished-at="2018-12-27T10:59:27Z">
          <reporter-output>
          </reporter-output>
        </test-method> <!-- logout -->
      </class> <!-- Nextgeneration.Way2sms -->
    </test> <!-- Default test -->
  </suite> <!-- Default suite -->
</testng-results>
