<?xml version="1.0" encoding="UTF-8"?>
<!-- Generated by org.testng.reporters.JUnitXMLReporter -->
<testsuite hostname="keerthi-PC" ignored="0" name="Test" tests="2" failures="2" timestamp="24 Dec 2018 11:16:45 GMT" time="0.362" errors="0">
  <testcase name="launch" time="0.112" classname="newtours.Noukri">
    <failure type="java.lang.IllegalStateException" message="The driver executable does not exist: E:\selenium\git programs\sachin\chromedriver.exe">
      <![CDATA[java.lang.IllegalStateException: The driver executable does not exist: E:\selenium\git programs\sachin\chromedriver.exe
at com.google.common.base.Preconditions.checkState(Preconditions.java:585)
at org.openqa.selenium.remote.service.DriverService.checkExecutable(DriverService.java:136)
at org.openqa.selenium.remote.service.DriverService.findExecutable(DriverService.java:131)
at org.openqa.selenium.chrome.ChromeDriverService.access$000(ChromeDriverService.java:33)
at org.openqa.selenium.chrome.ChromeDriverService$Builder.findDefaultExecutable(ChromeDriverService.java:139)
at org.openqa.selenium.remote.service.DriverService$Builder.build(DriverService.java:335)
at org.openqa.selenium.chrome.ChromeDriverService.createDefaultService(ChromeDriverService.java:89)
at org.openqa.selenium.chrome.ChromeDriver.<init>(ChromeDriver.java:123)
at newtours.Noukri.launch(Noukri.java:19)
... Removed 25 stack frames]]>
    </failure>
  </testcase> <!-- launch -->
  <testcase name="validateNoukari" time="0.189" classname="newtours.Noukri">
    <failure type="java.lang.NullPointerException">
      <![CDATA[java.lang.NullPointerException
at com.google.common.base.Preconditions.checkNotNull(Preconditions.java:882)
at org.openqa.selenium.support.ui.FluentWait.<init>(FluentWait.java:104)
at org.openqa.selenium.support.ui.WebDriverWait.<init>(WebDriverWait.java:71)
at org.openqa.selenium.support.ui.WebDriverWait.<init>(WebDriverWait.java:45)
at newtours.Noukri.validateNoukari(Noukri.java:27)
... Removed 25 stack frames]]>
    </failure>
  </testcase> <!-- validateNoukari -->
</testsuite> <!-- Test -->
