<?xml version="1.0" encoding="UTF-8"?>
<!-- Generated by org.testng.reporters.JUnitXMLReporter -->
<testsuite hostname="keerthi-PC" ignored="0" name="Test2" tests="3" failures="0" timestamp="04 Oct 2018 19:47:14 GMT" time="16.389" errors="0">
  <testcase name="launch" time="14.335" classname="newtours.Dataprovidersameclass"/>
  <testcase name="contactinfo" time="1.766" classname="newtours.Dataprovidersameclass"/>
  <testcase name="close" time="0.149" classname="newtours.Dataprovidersameclass"/>
</testsuite> <!-- Test2 -->
