<?xml version="1.0" encoding="UTF-8"?>
<!-- Generated by org.testng.reporters.JUnitXMLReporter -->
<testsuite hostname="keerthi-PC" ignored="0" name="Test1" tests="3" failures="0" timestamp="04 Oct 2018 19:47:13 GMT" time="15.688" errors="0">
  <testcase name="launch" time="13.757" classname="newtours.Dataprovidersameclass"/>
  <testcase name="contactinfo" time="1.59" classname="newtours.Dataprovidersameclass"/>
  <testcase name="close" time="0.282" classname="newtours.Dataprovidersameclass"/>
</testsuite> <!-- Test1 -->
