<?xml version="1.0" encoding="UTF-8"?>
<testng-results skipped="0" failed="0" ignored="0" total="6" passed="6">
  <reporter-output>
  </reporter-output>
  <suite name="Suite" duration-ms="16389" started-at="2018-10-04T19:46:57Z" finished-at="2018-10-04T19:47:14Z">
    <groups>
    </groups>
    <test name="Test1" duration-ms="15688" started-at="2018-10-04T19:46:57Z" finished-at="2018-10-04T19:47:13Z">
      <class name="newtours.Dataprovidersameclass">
        <test-method status="PASS" signature="launch()[pri:0, instance:newtours.Dataprovidersameclass@1b604f19]" name="launch" duration-ms="13757" started-at="2018-10-04T19:46:57Z" finished-at="2018-10-04T19:47:11Z">
          <reporter-output>
          </reporter-output>
        </test-method> <!-- launch -->
        <test-method status="PASS" signature="contactinfo(java.lang.String, java.lang.String, java.lang.String, java.lang.String, java.lang.String, java.lang.String, java.lang.String, java.lang.String, java.lang.String, java.lang.String)[pri:1, instance:newtours.Dataprovidersameclass@1b604f19]" name="contactinfo" duration-ms="1590" started-at="2018-10-04T19:47:11Z" finished-at="2018-10-04T19:47:13Z">
          <params>
            <param index="0">
              <value>
                <![CDATA[a]]>
              </value>
            </param>
            <param index="1">
              <value>
                <![CDATA[b]]>
              </value>
            </param>
            <param index="2">
              <value>
                <![CDATA[c]]>
              </value>
            </param>
            <param index="3">
              <value>
                <![CDATA[d]]>
              </value>
            </param>
            <param index="4">
              <value>
                <![CDATA[e]]>
              </value>
            </param>
            <param index="5">
              <value>
                <![CDATA[f]]>
              </value>
            </param>
            <param index="6">
              <value>
                <![CDATA[g]]>
              </value>
            </param>
            <param index="7">
              <value>
                <![CDATA[h]]>
              </value>
            </param>
            <param index="8">
              <value>
                <![CDATA[i]]>
              </value>
            </param>
            <param index="9">
              <value>
                <![CDATA[INDIA]]>
              </value>
            </param>
          </params>
          <reporter-output>
          </reporter-output>
        </test-method> <!-- contactinfo -->
        <test-method status="PASS" signature="close()[pri:2, instance:newtours.Dataprovidersameclass@1b604f19]" name="close" duration-ms="282" started-at="2018-10-04T19:47:13Z" finished-at="2018-10-04T19:47:13Z">
          <reporter-output>
          </reporter-output>
        </test-method> <!-- close -->
      </class> <!-- newtours.Dataprovidersameclass -->
    </test> <!-- Test1 -->
    <test name="Test2" duration-ms="16389" started-at="2018-10-04T19:46:57Z" finished-at="2018-10-04T19:47:14Z">
      <class name="newtours.Dataprovidersameclass">
        <test-method status="PASS" signature="launch()[pri:0, instance:newtours.Dataprovidersameclass@66a3ffec]" name="launch" duration-ms="14335" started-at="2018-10-04T19:46:57Z" finished-at="2018-10-04T19:47:12Z">
          <reporter-output>
          </reporter-output>
        </test-method> <!-- launch -->
        <test-method status="PASS" signature="contactinfo(java.lang.String, java.lang.String, java.lang.String, java.lang.String, java.lang.String, java.lang.String, java.lang.String, java.lang.String, java.lang.String, java.lang.String)[pri:1, instance:newtours.Dataprovidersameclass@66a3ffec]" name="contactinfo" duration-ms="1766" started-at="2018-10-04T19:47:12Z" finished-at="2018-10-04T19:47:14Z">
          <params>
            <param index="0">
              <value>
                <![CDATA[a]]>
              </value>
            </param>
            <param index="1">
              <value>
                <![CDATA[b]]>
              </value>
            </param>
            <param index="2">
              <value>
                <![CDATA[c]]>
              </value>
            </param>
            <param index="3">
              <value>
                <![CDATA[d]]>
              </value>
            </param>
            <param index="4">
              <value>
                <![CDATA[e]]>
              </value>
            </param>
            <param index="5">
              <value>
                <![CDATA[f]]>
              </value>
            </param>
            <param index="6">
              <value>
                <![CDATA[g]]>
              </value>
            </param>
            <param index="7">
              <value>
                <![CDATA[h]]>
              </value>
            </param>
            <param index="8">
              <value>
                <![CDATA[i]]>
              </value>
            </param>
            <param index="9">
              <value>
                <![CDATA[INDIA]]>
              </value>
            </param>
          </params>
          <reporter-output>
          </reporter-output>
        </test-method> <!-- contactinfo -->
        <test-method status="PASS" signature="close()[pri:2, instance:newtours.Dataprovidersameclass@66a3ffec]" name="close" duration-ms="149" started-at="2018-10-04T19:47:14Z" finished-at="2018-10-04T19:47:14Z">
          <reporter-output>
          </reporter-output>
        </test-method> <!-- close -->
      </class> <!-- newtours.Dataprovidersameclass -->
    </test> <!-- Test2 -->
  </suite> <!-- Suite -->
</testng-results>
